;  LST file generated by mikroListExporter - v.2.0 
; Date/Time: 06/11/2018 09:18:28
;----------------------------------------------

;Address Opcode 	ASM
0x0000	0x2928      	GOTO       296
_Delay_50us:
;__Lib_Delays.c,19 :: 		void Delay_50us() {
;__Lib_Delays.c,20 :: 		Delay_us(50);
0x0003	0x3053      	MOVLW      83
0x0004	0x1283      	BCF        STATUS, 5
0x0005	0x1303      	BCF        STATUS, 6
0x0006	0x00FD      	MOVWF      R13
L_Delay_50us2:
0x0007	0x0BFD      	DECFSZ     R13, 1
0x0008	0x2807      	GOTO       L_Delay_50us2
;__Lib_Delays.c,21 :: 		}
L_end_Delay_50us:
0x0009	0x0008      	RETURN
; end of _Delay_50us
_Delay_1us:
;__Lib_Delays.c,7 :: 		void Delay_1us() {
;__Lib_Delays.c,8 :: 		Delay_us(1);
0x000A	0x0000      	NOP
0x000B	0x0000      	NOP
0x000C	0x0000      	NOP
0x000D	0x0000      	NOP
0x000E	0x0000      	NOP
;__Lib_Delays.c,9 :: 		}
L_end_Delay_1us:
0x000F	0x0008      	RETURN
; end of _Delay_1us
_Delay_5500us:
;__Lib_Delays.c,31 :: 		void Delay_5500us() {
;__Lib_Delays.c,32 :: 		Delay_us(5500);
0x0010	0x3024      	MOVLW      36
0x0011	0x1283      	BCF        STATUS, 5
0x0012	0x1303      	BCF        STATUS, 6
0x0013	0x00FC      	MOVWF      R12
0x0014	0x30B5      	MOVLW      181
0x0015	0x00FD      	MOVWF      R13
L_Delay_5500us5:
0x0016	0x0BFD      	DECFSZ     R13, 1
0x0017	0x2816      	GOTO       L_Delay_5500us5
0x0018	0x0BFC      	DECFSZ     R12, 1
0x0019	0x2816      	GOTO       L_Delay_5500us5
0x001A	0x0000      	NOP
0x001B	0x0000      	NOP
;__Lib_Delays.c,33 :: 		}
L_end_Delay_5500us:
0x001C	0x0008      	RETURN
; end of _Delay_5500us
_Lcd_Cmd:
;__Lib_Lcd.c,18 :: 		
;__Lib_Lcd.c,20 :: 		
0x001D	0x1283      	BCF        STATUS, 5
0x001E	0x1303      	BCF        STATUS, 6
0x001F	0x1BE4      	BTFSC      FARG_Lcd_Cmd_out_char, 7
0x0020	0x2823      	GOTO       L__Lcd_Cmd21
0x0021	0x1286      	BCF        LCD_D7, BitPos(LCD_D7+0)
0x0022	0x2824      	GOTO       L__Lcd_Cmd22
L__Lcd_Cmd21:
0x0023	0x1686      	BSF        LCD_D7, BitPos(LCD_D7+0)
L__Lcd_Cmd22:
;__Lib_Lcd.c,21 :: 		
0x0024	0x1B64      	BTFSC      FARG_Lcd_Cmd_out_char, 6
0x0025	0x2828      	GOTO       L__Lcd_Cmd23
0x0026	0x1206      	BCF        LCD_D6, BitPos(LCD_D6+0)
0x0027	0x2829      	GOTO       L__Lcd_Cmd24
L__Lcd_Cmd23:
0x0028	0x1606      	BSF        LCD_D6, BitPos(LCD_D6+0)
L__Lcd_Cmd24:
;__Lib_Lcd.c,22 :: 		
0x0029	0x1AE4      	BTFSC      FARG_Lcd_Cmd_out_char, 5
0x002A	0x282D      	GOTO       L__Lcd_Cmd25
0x002B	0x1186      	BCF        LCD_D5, BitPos(LCD_D5+0)
0x002C	0x282E      	GOTO       L__Lcd_Cmd26
L__Lcd_Cmd25:
0x002D	0x1586      	BSF        LCD_D5, BitPos(LCD_D5+0)
L__Lcd_Cmd26:
;__Lib_Lcd.c,23 :: 		
0x002E	0x1A64      	BTFSC      FARG_Lcd_Cmd_out_char, 4
0x002F	0x2832      	GOTO       L__Lcd_Cmd27
0x0030	0x1106      	BCF        LCD_D4, BitPos(LCD_D4+0)
0x0031	0x2833      	GOTO       L__Lcd_Cmd28
L__Lcd_Cmd27:
0x0032	0x1506      	BSF        LCD_D4, BitPos(LCD_D4+0)
L__Lcd_Cmd28:
;__Lib_Lcd.c,25 :: 		
0x0033	0x185D      	BTFSC      __Lib_Lcd_cmd_status, BitPos(__Lib_Lcd_cmd_status+0)
0x0034	0x2837      	GOTO       L__Lcd_Cmd29
0x0035	0x1406      	BSF        LCD_RS, BitPos(LCD_RS+0)
0x0036	0x2838      	GOTO       L__Lcd_Cmd30
L__Lcd_Cmd29:
0x0037	0x1006      	BCF        LCD_RS, BitPos(LCD_RS+0)
L__Lcd_Cmd30:
;__Lib_Lcd.c,28 :: 		
0x0038	0x1486      	BSF        LCD_EN, BitPos(LCD_EN+0)
;__Lib_Lcd.c,29 :: 		
0x0039	0x200A      	CALL       _Delay_1us
;__Lib_Lcd.c,30 :: 		
0x003A	0x1086      	BCF        LCD_EN, BitPos(LCD_EN+0)
;__Lib_Lcd.c,33 :: 		
0x003B	0x19E4      	BTFSC      FARG_Lcd_Cmd_out_char, 3
0x003C	0x283F      	GOTO       L__Lcd_Cmd31
0x003D	0x1286      	BCF        LCD_D7, BitPos(LCD_D7+0)
0x003E	0x2840      	GOTO       L__Lcd_Cmd32
L__Lcd_Cmd31:
0x003F	0x1686      	BSF        LCD_D7, BitPos(LCD_D7+0)
L__Lcd_Cmd32:
;__Lib_Lcd.c,34 :: 		
0x0040	0x1964      	BTFSC      FARG_Lcd_Cmd_out_char, 2
0x0041	0x2844      	GOTO       L__Lcd_Cmd33
0x0042	0x1206      	BCF        LCD_D6, BitPos(LCD_D6+0)
0x0043	0x2845      	GOTO       L__Lcd_Cmd34
L__Lcd_Cmd33:
0x0044	0x1606      	BSF        LCD_D6, BitPos(LCD_D6+0)
L__Lcd_Cmd34:
;__Lib_Lcd.c,35 :: 		
0x0045	0x18E4      	BTFSC      FARG_Lcd_Cmd_out_char, 1
0x0046	0x2849      	GOTO       L__Lcd_Cmd35
0x0047	0x1186      	BCF        LCD_D5, BitPos(LCD_D5+0)
0x0048	0x284A      	GOTO       L__Lcd_Cmd36
L__Lcd_Cmd35:
0x0049	0x1586      	BSF        LCD_D5, BitPos(LCD_D5+0)
L__Lcd_Cmd36:
;__Lib_Lcd.c,36 :: 		
0x004A	0x1864      	BTFSC      FARG_Lcd_Cmd_out_char, 0
0x004B	0x284E      	GOTO       L__Lcd_Cmd37
0x004C	0x1106      	BCF        LCD_D4, BitPos(LCD_D4+0)
0x004D	0x284F      	GOTO       L__Lcd_Cmd38
L__Lcd_Cmd37:
0x004E	0x1506      	BSF        LCD_D4, BitPos(LCD_D4+0)
L__Lcd_Cmd38:
;__Lib_Lcd.c,38 :: 		
0x004F	0x185D      	BTFSC      __Lib_Lcd_cmd_status, BitPos(__Lib_Lcd_cmd_status+0)
0x0050	0x2853      	GOTO       L__Lcd_Cmd39
0x0051	0x1406      	BSF        LCD_RS, BitPos(LCD_RS+0)
0x0052	0x2854      	GOTO       L__Lcd_Cmd40
L__Lcd_Cmd39:
0x0053	0x1006      	BCF        LCD_RS, BitPos(LCD_RS+0)
L__Lcd_Cmd40:
;__Lib_Lcd.c,40 :: 		
0x0054	0x1486      	BSF        LCD_EN, BitPos(LCD_EN+0)
;__Lib_Lcd.c,41 :: 		
0x0055	0x200A      	CALL       _Delay_1us
;__Lib_Lcd.c,42 :: 		
0x0056	0x1086      	BCF        LCD_EN, BitPos(LCD_EN+0)
;__Lib_Lcd.c,44 :: 		
0x0057	0x1C5D      	BTFSS      __Lib_Lcd_cmd_status, BitPos(__Lib_Lcd_cmd_status+0)
0x0058	0x285B      	GOTO       L_Lcd_Cmd0
;__Lib_Lcd.c,45 :: 		
0x0059	0x2010      	CALL       _Delay_5500us
0x005A	0x285C      	GOTO       L_Lcd_Cmd1
L_Lcd_Cmd0:
;__Lib_Lcd.c,47 :: 		
0x005B	0x2003      	CALL       _Delay_50us
L_Lcd_Cmd1:
;__Lib_Lcd.c,48 :: 		
L_end_Lcd_Cmd:
0x005C	0x0008      	RETURN
; end of _Lcd_Cmd
_Lcd_Chr_CP:
;__Lib_Lcd.c,50 :: 		
;__Lib_Lcd.c,52 :: 		
0x005D	0x1283      	BCF        STATUS, 5
0x005E	0x1303      	BCF        STATUS, 6
0x005F	0x105D      	BCF        __Lib_Lcd_cmd_status, BitPos(__Lib_Lcd_cmd_status+0)
;__Lib_Lcd.c,53 :: 		
0x0060	0x0863      	MOVF       FARG_Lcd_Chr_CP_out_char, 0
0x0061	0x00E4      	MOVWF      FARG_Lcd_Cmd_out_char
0x0062	0x201D      	CALL       _Lcd_Cmd
;__Lib_Lcd.c,54 :: 		
0x0063	0x145D      	BSF        __Lib_Lcd_cmd_status, BitPos(__Lib_Lcd_cmd_status+0)
;__Lib_Lcd.c,55 :: 		
L_end_Lcd_Chr_CP:
0x0064	0x0008      	RETURN
; end of _Lcd_Chr_CP
_____DoICP:
;__Lib_System.c,6 :: 		
;__Lib_System.c,9 :: 		
0x0065	0x1283      	BCF        STATUS, 5
0x0066	0x1303      	BCF        STATUS, 6
0x0067	0x085C      	MOVF       ___DoICPAddr+1, 0
0x0068	0x008A      	MOVWF      PCLATH
;__Lib_System.c,10 :: 		
0x0069	0x085B      	MOVF       ___DoICPAddr, 0
0x006A	0x0082      	MOVWF      PCL
;__Lib_System.c,12 :: 		
L_end_____DoICP:
0x006B	0x0008      	RETURN
; end of _____DoICP
_Lcd_Init:
;__Lib_Lcd.c,84 :: 		
;__Lib_Lcd.c,86 :: 		
0x006C	0x1683      	BSF        STATUS, 5
0x006D	0x1303      	BCF        STATUS, 6
0x006E	0x1086      	BCF        LCD_EN_Direction, BitPos(LCD_EN_Direction+0)
;__Lib_Lcd.c,87 :: 		
0x006F	0x1006      	BCF        LCD_RS_Direction, BitPos(LCD_RS_Direction+0)
;__Lib_Lcd.c,88 :: 		
0x0070	0x1106      	BCF        LCD_D4_Direction, BitPos(LCD_D4_Direction+0)
;__Lib_Lcd.c,89 :: 		
0x0071	0x1186      	BCF        LCD_D5_Direction, BitPos(LCD_D5_Direction+0)
;__Lib_Lcd.c,90 :: 		
0x0072	0x1206      	BCF        LCD_D6_Direction, BitPos(LCD_D6_Direction+0)
;__Lib_Lcd.c,91 :: 		
0x0073	0x1286      	BCF        LCD_D7_Direction, BitPos(LCD_D7_Direction+0)
;__Lib_Lcd.c,93 :: 		
0x0074	0x1283      	BCF        STATUS, 5
0x0075	0x1086      	BCF        LCD_EN, BitPos(LCD_EN+0)
;__Lib_Lcd.c,94 :: 		
0x0076	0x1006      	BCF        LCD_RS, BitPos(LCD_RS+0)
;__Lib_Lcd.c,95 :: 		
0x0077	0x1286      	BCF        LCD_D7, BitPos(LCD_D7+0)
;__Lib_Lcd.c,96 :: 		
0x0078	0x1206      	BCF        LCD_D6, BitPos(LCD_D6+0)
;__Lib_Lcd.c,97 :: 		
0x0079	0x1186      	BCF        LCD_D5, BitPos(LCD_D5+0)
;__Lib_Lcd.c,98 :: 		
0x007A	0x1106      	BCF        LCD_D4, BitPos(LCD_D4+0)
;__Lib_Lcd.c,100 :: 		
0x007B	0x2010      	CALL       _Delay_5500us
;__Lib_Lcd.c,101 :: 		
0x007C	0x2010      	CALL       _Delay_5500us
;__Lib_Lcd.c,102 :: 		
0x007D	0x2010      	CALL       _Delay_5500us
;__Lib_Lcd.c,105 :: 		
0x007E	0x1586      	BSF        LCD_D5, BitPos(LCD_D5+0)
;__Lib_Lcd.c,106 :: 		
0x007F	0x1506      	BSF        LCD_D4, BitPos(LCD_D4+0)
;__Lib_Lcd.c,107 :: 		
0x0080	0x1486      	BSF        LCD_EN, BitPos(LCD_EN+0)
;__Lib_Lcd.c,108 :: 		
0x0081	0x200A      	CALL       _Delay_1us
;__Lib_Lcd.c,109 :: 		
0x0082	0x1086      	BCF        LCD_EN, BitPos(LCD_EN+0)
;__Lib_Lcd.c,110 :: 		
0x0083	0x2010      	CALL       _Delay_5500us
;__Lib_Lcd.c,112 :: 		
0x0084	0x1486      	BSF        LCD_EN, BitPos(LCD_EN+0)
;__Lib_Lcd.c,113 :: 		
0x0085	0x200A      	CALL       _Delay_1us
;__Lib_Lcd.c,114 :: 		
0x0086	0x1086      	BCF        LCD_EN, BitPos(LCD_EN+0)
;__Lib_Lcd.c,115 :: 		
0x0087	0x2010      	CALL       _Delay_5500us
;__Lib_Lcd.c,117 :: 		
0x0088	0x1486      	BSF        LCD_EN, BitPos(LCD_EN+0)
;__Lib_Lcd.c,118 :: 		
0x0089	0x200A      	CALL       _Delay_1us
;__Lib_Lcd.c,119 :: 		
0x008A	0x1086      	BCF        LCD_EN, BitPos(LCD_EN+0)
;__Lib_Lcd.c,120 :: 		
0x008B	0x2010      	CALL       _Delay_5500us
;__Lib_Lcd.c,123 :: 		
0x008C	0x1106      	BCF        LCD_D4, BitPos(LCD_D4+0)
;__Lib_Lcd.c,124 :: 		
0x008D	0x1486      	BSF        LCD_EN, BitPos(LCD_EN+0)
;__Lib_Lcd.c,125 :: 		
0x008E	0x200A      	CALL       _Delay_1us
;__Lib_Lcd.c,126 :: 		
0x008F	0x1086      	BCF        LCD_EN, BitPos(LCD_EN+0)
;__Lib_Lcd.c,127 :: 		
0x0090	0x2010      	CALL       _Delay_5500us
;__Lib_Lcd.c,130 :: 		
0x0091	0x1486      	BSF        LCD_EN, BitPos(LCD_EN+0)
;__Lib_Lcd.c,131 :: 		
0x0092	0x200A      	CALL       _Delay_1us
;__Lib_Lcd.c,132 :: 		
0x0093	0x1086      	BCF        LCD_EN, BitPos(LCD_EN+0)
;__Lib_Lcd.c,134 :: 		
0x0094	0x1186      	BCF        LCD_D5, BitPos(LCD_D5+0)
;__Lib_Lcd.c,135 :: 		
0x0095	0x1686      	BSF        LCD_D7, BitPos(LCD_D7+0)
;__Lib_Lcd.c,136 :: 		
0x0096	0x1486      	BSF        LCD_EN, BitPos(LCD_EN+0)
;__Lib_Lcd.c,137 :: 		
0x0097	0x200A      	CALL       _Delay_1us
;__Lib_Lcd.c,138 :: 		
0x0098	0x1086      	BCF        LCD_EN, BitPos(LCD_EN+0)
;__Lib_Lcd.c,139 :: 		
0x0099	0x2010      	CALL       _Delay_5500us
;__Lib_Lcd.c,142 :: 		
0x009A	0x1286      	BCF        LCD_D7, BitPos(LCD_D7+0)
;__Lib_Lcd.c,143 :: 		
0x009B	0x1506      	BSF        LCD_D4, BitPos(LCD_D4+0)
;__Lib_Lcd.c,144 :: 		
0x009C	0x1486      	BSF        LCD_EN, BitPos(LCD_EN+0)
;__Lib_Lcd.c,145 :: 		
0x009D	0x200A      	CALL       _Delay_1us
;__Lib_Lcd.c,146 :: 		
0x009E	0x1086      	BCF        LCD_EN, BitPos(LCD_EN+0)
;__Lib_Lcd.c,148 :: 		
0x009F	0x1106      	BCF        LCD_D4, BitPos(LCD_D4+0)
;__Lib_Lcd.c,149 :: 		
0x00A0	0x1486      	BSF        LCD_EN, BitPos(LCD_EN+0)
;__Lib_Lcd.c,150 :: 		
0x00A1	0x200A      	CALL       _Delay_1us
;__Lib_Lcd.c,151 :: 		
0x00A2	0x1086      	BCF        LCD_EN, BitPos(LCD_EN+0)
;__Lib_Lcd.c,152 :: 		
0x00A3	0x2010      	CALL       _Delay_5500us
;__Lib_Lcd.c,155 :: 		
0x00A4	0x1486      	BSF        LCD_EN, BitPos(LCD_EN+0)
;__Lib_Lcd.c,156 :: 		
0x00A5	0x200A      	CALL       _Delay_1us
;__Lib_Lcd.c,157 :: 		
0x00A6	0x1086      	BCF        LCD_EN, BitPos(LCD_EN+0)
;__Lib_Lcd.c,159 :: 		
0x00A7	0x1506      	BSF        LCD_D4, BitPos(LCD_D4+0)
;__Lib_Lcd.c,160 :: 		
0x00A8	0x1486      	BSF        LCD_EN, BitPos(LCD_EN+0)
;__Lib_Lcd.c,161 :: 		
0x00A9	0x200A      	CALL       _Delay_1us
;__Lib_Lcd.c,162 :: 		
0x00AA	0x1086      	BCF        LCD_EN, BitPos(LCD_EN+0)
;__Lib_Lcd.c,163 :: 		
0x00AB	0x2010      	CALL       _Delay_5500us
;__Lib_Lcd.c,166 :: 		
0x00AC	0x1106      	BCF        LCD_D4, BitPos(LCD_D4+0)
;__Lib_Lcd.c,167 :: 		
0x00AD	0x1486      	BSF        LCD_EN, BitPos(LCD_EN+0)
;__Lib_Lcd.c,168 :: 		
0x00AE	0x200A      	CALL       _Delay_1us
;__Lib_Lcd.c,169 :: 		
0x00AF	0x1086      	BCF        LCD_EN, BitPos(LCD_EN+0)
;__Lib_Lcd.c,171 :: 		
0x00B0	0x1686      	BSF        LCD_D7, BitPos(LCD_D7+0)
;__Lib_Lcd.c,172 :: 		
0x00B1	0x1606      	BSF        LCD_D6, BitPos(LCD_D6+0)
;__Lib_Lcd.c,173 :: 		
0x00B2	0x1586      	BSF        LCD_D5, BitPos(LCD_D5+0)
;__Lib_Lcd.c,174 :: 		
0x00B3	0x1506      	BSF        LCD_D4, BitPos(LCD_D4+0)
;__Lib_Lcd.c,175 :: 		
0x00B4	0x1486      	BSF        LCD_EN, BitPos(LCD_EN+0)
;__Lib_Lcd.c,176 :: 		
0x00B5	0x200A      	CALL       _Delay_1us
;__Lib_Lcd.c,177 :: 		
0x00B6	0x1086      	BCF        LCD_EN, BitPos(LCD_EN+0)
;__Lib_Lcd.c,179 :: 		
0x00B7	0x2010      	CALL       _Delay_5500us
;__Lib_Lcd.c,181 :: 		
0x00B8	0x145D      	BSF        __Lib_Lcd_cmd_status, BitPos(__Lib_Lcd_cmd_status+0)
;__Lib_Lcd.c,182 :: 		
L_end_Lcd_Init:
0x00B9	0x0008      	RETURN
; end of _Lcd_Init
_Lcd_Out:
;__Lib_Lcd.c,184 :: 		
;__Lib_Lcd.c,187 :: 		
0x00BA	0x28CC      	GOTO       L_Lcd_Out11
;__Lib_Lcd.c,188 :: 		
L_Lcd_Out13:
0x00BB	0x3080      	MOVLW      128
0x00BC	0x1283      	BCF        STATUS, 5
0x00BD	0x1303      	BCF        STATUS, 6
0x00BE	0x00DF      	MOVWF      FARG_Lcd_Out_row
0x00BF	0x28DF      	GOTO       L_Lcd_Out12
;__Lib_Lcd.c,189 :: 		
L_Lcd_Out14:
0x00C0	0x30C0      	MOVLW      192
0x00C1	0x00DF      	MOVWF      FARG_Lcd_Out_row
0x00C2	0x28DF      	GOTO       L_Lcd_Out12
;__Lib_Lcd.c,190 :: 		
L_Lcd_Out15:
0x00C3	0x3094      	MOVLW      148
0x00C4	0x00DF      	MOVWF      FARG_Lcd_Out_row
0x00C5	0x28DF      	GOTO       L_Lcd_Out12
;__Lib_Lcd.c,191 :: 		
L_Lcd_Out16:
0x00C6	0x30D4      	MOVLW      212
0x00C7	0x00DF      	MOVWF      FARG_Lcd_Out_row
0x00C8	0x28DF      	GOTO       L_Lcd_Out12
;__Lib_Lcd.c,192 :: 		
L_Lcd_Out17:
0x00C9	0x3080      	MOVLW      128
0x00CA	0x00DF      	MOVWF      FARG_Lcd_Out_row
;__Lib_Lcd.c,193 :: 		
0x00CB	0x28DF      	GOTO       L_Lcd_Out12
L_Lcd_Out11:
0x00CC	0x1283      	BCF        STATUS, 5
0x00CD	0x1303      	BCF        STATUS, 6
0x00CE	0x085F      	MOVF       FARG_Lcd_Out_row, 0
0x00CF	0x3A01      	XORLW      1
0x00D0	0x1903      	BTFSC      STATUS, 2
0x00D1	0x28BB      	GOTO       L_Lcd_Out13
0x00D2	0x085F      	MOVF       FARG_Lcd_Out_row, 0
0x00D3	0x3A02      	XORLW      2
0x00D4	0x1903      	BTFSC      STATUS, 2
0x00D5	0x28C0      	GOTO       L_Lcd_Out14
0x00D6	0x085F      	MOVF       FARG_Lcd_Out_row, 0
0x00D7	0x3A03      	XORLW      3
0x00D8	0x1903      	BTFSC      STATUS, 2
0x00D9	0x28C3      	GOTO       L_Lcd_Out15
0x00DA	0x085F      	MOVF       FARG_Lcd_Out_row, 0
0x00DB	0x3A04      	XORLW      4
0x00DC	0x1903      	BTFSC      STATUS, 2
0x00DD	0x28C6      	GOTO       L_Lcd_Out16
0x00DE	0x28C9      	GOTO       L_Lcd_Out17
L_Lcd_Out12:
;__Lib_Lcd.c,194 :: 		
0x00DF	0x0360      	DECF       FARG_Lcd_Out_column, 0
0x00E0	0x00F0      	MOVWF      R0
0x00E1	0x085F      	MOVF       FARG_Lcd_Out_row, 0
0x00E2	0x07F0      	ADDWF      R0, 1
0x00E3	0x0870      	MOVF       R0, 0
0x00E4	0x00DF      	MOVWF      FARG_Lcd_Out_row
;__Lib_Lcd.c,196 :: 		
0x00E5	0x0870      	MOVF       R0, 0
0x00E6	0x00E4      	MOVWF      FARG_Lcd_Cmd_out_char
0x00E7	0x201D      	CALL       _Lcd_Cmd
;__Lib_Lcd.c,197 :: 		
0x00E8	0x105D      	BCF        __Lib_Lcd_cmd_status, BitPos(__Lib_Lcd_cmd_status+0)
;__Lib_Lcd.c,198 :: 		
0x00E9	0x01E2      	CLRF       Lcd_Out_i_L0
;__Lib_Lcd.c,199 :: 		
L_Lcd_Out18:
0x00EA	0x0862      	MOVF       Lcd_Out_i_L0, 0
0x00EB	0x0761      	ADDWF      FARG_Lcd_Out_text, 0
0x00EC	0x0084      	MOVWF      FSR
0x00ED	0x0800      	MOVF       INDF, 0
0x00EE	0x1903      	BTFSC      STATUS, 2
0x00EF	0x28F8      	GOTO       L_Lcd_Out19
;__Lib_Lcd.c,200 :: 		
0x00F0	0x0862      	MOVF       Lcd_Out_i_L0, 0
0x00F1	0x0761      	ADDWF      FARG_Lcd_Out_text, 0
0x00F2	0x0084      	MOVWF      FSR
0x00F3	0x0800      	MOVF       INDF, 0
0x00F4	0x00E3      	MOVWF      FARG_Lcd_Chr_CP_out_char
0x00F5	0x205D      	CALL       _Lcd_Chr_CP
0x00F6	0x0AE2      	INCF       Lcd_Out_i_L0, 1
0x00F7	0x28EA      	GOTO       L_Lcd_Out18
L_Lcd_Out19:
;__Lib_Lcd.c,201 :: 		
0x00F8	0x145D      	BSF        __Lib_Lcd_cmd_status, BitPos(__Lib_Lcd_cmd_status+0)
;__Lib_Lcd.c,202 :: 		
L_end_Lcd_Out:
0x00F9	0x0008      	RETURN
; end of _Lcd_Out
_UART1_Init:
;__Lib_UART_c67.c,2 :: 		
;__Lib_UART_c67.c,5 :: 		
0x00FA	0x1683      	BSF        STATUS, 5
0x00FB	0x1303      	BCF        STATUS, 6
0x00FC	0x1698      	BSF        TXSTA, 5
;__Lib_UART_c67.c,6 :: 		
0x00FD	0x3090      	MOVLW      144
0x00FE	0x1283      	BCF        STATUS, 5
0x00FF	0x0098      	MOVWF      RCSTA
;__Lib_UART_c67.c,7 :: 		
0x0100	0x1683      	BSF        STATUS, 5
0x0101	0x1787      	BSF        TRISC7_bit, BitPos(TRISC7_bit+0)
;__Lib_UART_c67.c,8 :: 		
0x0102	0x1307      	BCF        TRISC6_bit, BitPos(TRISC6_bit+0)
;__Lib_UART_c67.c,10 :: 		
L_UART1_Init0:
0x0103	0x1283      	BCF        STATUS, 5
0x0104	0x1E8C      	BTFSS      PIR1, 5
0x0105	0x2909      	GOTO       L_UART1_Init1
;__Lib_UART_c67.c,11 :: 		
0x0106	0x081A      	MOVF       RCREG, 0
0x0107	0x00F0      	MOVWF      R0
0x0108	0x2903      	GOTO       L_UART1_Init0
L_UART1_Init1:
;__Lib_UART_c67.c,12 :: 		
L_end_UART1_Init:
0x0109	0x0008      	RETURN
; end of _UART1_Init
_UART1_Data_Ready:
;__Lib_UART_c67.c,16 :: 		
;__Lib_UART_c67.c,17 :: 		
0x010A	0x3000      	MOVLW      0
0x010B	0x1283      	BCF        STATUS, 5
0x010C	0x1303      	BCF        STATUS, 6
0x010D	0x1A8C      	BTFSC      PIR1, 5
0x010E	0x3001      	MOVLW      1
0x010F	0x00F0      	MOVWF      R0
;__Lib_UART_c67.c,18 :: 		
L_end_UART1_Data_Ready:
0x0110	0x0008      	RETURN
; end of _UART1_Data_Ready
_UART1_Read:
;__Lib_UART_c67.c,21 :: 		
;__Lib_UART_c67.c,24 :: 		
0x0111	0x1283      	BCF        STATUS, 5
0x0112	0x1303      	BCF        STATUS, 6
0x0113	0x081A      	MOVF       RCREG, 0
0x0114	0x00F1      	MOVWF      R1
;__Lib_UART_c67.c,25 :: 		
0x0115	0x1C98      	BTFSS      RCSTA, 1
0x0116	0x2919      	GOTO       L_UART1_Read2
;__Lib_UART_c67.c,26 :: 		
0x0117	0x1218      	BCF        RCSTA, 4
;__Lib_UART_c67.c,27 :: 		
0x0118	0x1618      	BSF        RCSTA, 4
;__Lib_UART_c67.c,28 :: 		
L_UART1_Read2:
;__Lib_UART_c67.c,29 :: 		
0x0119	0x0871      	MOVF       R1, 0
0x011A	0x00F0      	MOVWF      R0
;__Lib_UART_c67.c,30 :: 		
L_end_UART1_Read:
0x011B	0x0008      	RETURN
; end of _UART1_Read
___CC2DW:
;__Lib_System.c,134 :: 		
;__Lib_System.c,137 :: 		
_CC2D_Loop1:
;__Lib_System.c,139 :: 		
0x011C	0x2065      	CALL       _____DoICP
0x011D	0x118A      	BCF        PCLATH, 3
0x011E	0x120A      	BCF        PCLATH, 4
;__Lib_System.c,141 :: 		
0x011F	0x0080      	MOVWF      INDF
;__Lib_System.c,142 :: 		
0x0120	0x0A84      	INCF       FSR, 1
;__Lib_System.c,143 :: 		
0x0121	0x0ADB      	INCF       ___DoICPAddr, 1
;__Lib_System.c,145 :: 		
0x0122	0x1903      	BTFSC      STATUS, 2
;__Lib_System.c,146 :: 		
0x0123	0x0ADC      	INCF       ___DoICPAddr+1, 1
;__Lib_System.c,147 :: 		
0x0124	0x03F0      	DECF       R0, 1
;__Lib_System.c,149 :: 		
0x0125	0x1D03      	BTFSS      STATUS, 2
;__Lib_System.c,150 :: 		
0x0126	0x291C      	GOTO       _CC2D_Loop1
;__Lib_System.c,152 :: 		
L_end___CC2DW:
0x0127	0x0008      	RETURN
; end of ___CC2DW
_main:
0x0128	0x21E6      	CALL       486
;MyProject.c,19 :: 		void main(){
;MyProject.c,21 :: 		TrisD=0;
0x0129	0x1683      	BSF        STATUS, 5
0x012A	0x1303      	BCF        STATUS, 6
0x012B	0x0188      	CLRF       TRISD
;MyProject.c,22 :: 		PortD=0;
0x012C	0x1283      	BCF        STATUS, 5
0x012D	0x0188      	CLRF       PORTD
;MyProject.c,23 :: 		Lcd_Init();//Initialize LCD
0x012E	0x206C      	CALL       _Lcd_Init
;MyProject.c,24 :: 		Lcd_Cmd(_Lcd_CURSOR_OFF); //Cusrsor off
0x012F	0x300C      	MOVLW      12
0x0130	0x00E4      	MOVWF      FARG_Lcd_Cmd_out_char
0x0131	0x201D      	CALL       _Lcd_Cmd
;MyProject.c,25 :: 		UART1_Init(9600);
0x0132	0x3081      	MOVLW      129
0x0133	0x1683      	BSF        STATUS, 5
0x0134	0x0099      	MOVWF      SPBRG
0x0135	0x1518      	BSF        TXSTA, 2
0x0136	0x20FA      	CALL       _UART1_Init
;MyProject.c,26 :: 		Delay_ms(100);
0x0137	0x3003      	MOVLW      3
0x0138	0x00FB      	MOVWF      R11
0x0139	0x308A      	MOVLW      138
0x013A	0x00FC      	MOVWF      R12
0x013B	0x3055      	MOVLW      85
0x013C	0x00FD      	MOVWF      R13
L_main0:
0x013D	0x0BFD      	DECFSZ     R13, 1
0x013E	0x293D      	GOTO       L_main0
0x013F	0x0BFC      	DECFSZ     R12, 1
0x0140	0x293D      	GOTO       L_main0
0x0141	0x0BFB      	DECFSZ     R11, 1
0x0142	0x293D      	GOTO       L_main0
0x0143	0x0000      	NOP
0x0144	0x0000      	NOP
;MyProject.c,27 :: 		Lcd_out(1,1,"Welcome in ^_^");
0x0145	0x3001      	MOVLW      1
0x0146	0x00DF      	MOVWF      FARG_Lcd_Out_row
0x0147	0x3001      	MOVLW      1
0x0148	0x00E0      	MOVWF      FARG_Lcd_Out_column
0x0149	0x304C      	MOVLW      ?lstr1_MyProject
0x014A	0x00E1      	MOVWF      FARG_Lcd_Out_text
0x014B	0x20BA      	CALL       _Lcd_Out
;MyProject.c,28 :: 		Lcd_out(2,1,"Explain UART");
0x014C	0x3002      	MOVLW      2
0x014D	0x00DF      	MOVWF      FARG_Lcd_Out_row
0x014E	0x3001      	MOVLW      1
0x014F	0x00E0      	MOVWF      FARG_Lcd_Out_column
0x0150	0x303F      	MOVLW      ?lstr2_MyProject
0x0151	0x00E1      	MOVWF      FARG_Lcd_Out_text
0x0152	0x20BA      	CALL       _Lcd_Out
;MyProject.c,29 :: 		Delay_ms(1000);
0x0153	0x301A      	MOVLW      26
0x0154	0x00FB      	MOVWF      R11
0x0155	0x305E      	MOVLW      94
0x0156	0x00FC      	MOVWF      R12
0x0157	0x306E      	MOVLW      110
0x0158	0x00FD      	MOVWF      R13
L_main1:
0x0159	0x0BFD      	DECFSZ     R13, 1
0x015A	0x2959      	GOTO       L_main1
0x015B	0x0BFC      	DECFSZ     R12, 1
0x015C	0x2959      	GOTO       L_main1
0x015D	0x0BFB      	DECFSZ     R11, 1
0x015E	0x2959      	GOTO       L_main1
0x015F	0x0000      	NOP
;MyProject.c,30 :: 		LCD_Cmd(_LCD_CLEAR);
0x0160	0x3001      	MOVLW      1
0x0161	0x00E4      	MOVWF      FARG_Lcd_Cmd_out_char
0x0162	0x201D      	CALL       _Lcd_Cmd
;MyProject.c,31 :: 		while (1)
L_main2:
;MyProject.c,33 :: 		if (UART1_Data_Ready())   // if data is received
0x0163	0x210A      	CALL       _UART1_Data_Ready
0x0164	0x0870      	MOVF       R0, 0
0x0165	0x1903      	BTFSC      STATUS, 2
0x0166	0x29A4      	GOTO       L_main4
;MyProject.c,35 :: 		i = UART1_Read();
0x0167	0x2111      	CALL       _UART1_Read
0x0168	0x0870      	MOVF       R0, 0
0x0169	0x00DE      	MOVWF      _i
;MyProject.c,36 :: 		if(i=='1'){
0x016A	0x0870      	MOVF       R0, 0
0x016B	0x3A31      	XORLW      49
0x016C	0x1D03      	BTFSS      STATUS, 2
0x016D	0x297B      	GOTO       L_main5
;MyProject.c,38 :: 		LCD_Cmd(_LCD_CLEAR);
0x016E	0x3001      	MOVLW      1
0x016F	0x00E4      	MOVWF      FARG_Lcd_Cmd_out_char
0x0170	0x201D      	CALL       _Lcd_Cmd
;MyProject.c,39 :: 		Lcd_out(2,1,"pompe");
0x0171	0x3002      	MOVLW      2
0x0172	0x00DF      	MOVWF      FARG_Lcd_Out_row
0x0173	0x3001      	MOVLW      1
0x0174	0x00E0      	MOVWF      FARG_Lcd_Out_column
0x0175	0x3026      	MOVLW      ?lstr3_MyProject
0x0176	0x00E1      	MOVWF      FARG_Lcd_Out_text
0x0177	0x20BA      	CALL       _Lcd_Out
;MyProject.c,40 :: 		portd.f0=1;
0x0178	0x1408      	BSF        PORTD, 0
;MyProject.c,41 :: 		portd.f1=0;                  //write data to lcd
0x0179	0x1088      	BCF        PORTD, 1
;MyProject.c,42 :: 		}
0x017A	0x29A4      	GOTO       L_main6
L_main5:
;MyProject.c,43 :: 		else if(i=='2'){
0x017B	0x085E      	MOVF       _i, 0
0x017C	0x3A32      	XORLW      50
0x017D	0x1D03      	BTFSS      STATUS, 2
0x017E	0x298C      	GOTO       L_main7
;MyProject.c,45 :: 		LCD_Cmd(_LCD_CLEAR);
0x017F	0x3001      	MOVLW      1
0x0180	0x00E4      	MOVWF      FARG_Lcd_Cmd_out_char
0x0181	0x201D      	CALL       _Lcd_Cmd
;MyProject.c,46 :: 		Lcd_out(2,1,"vanne");
0x0182	0x3002      	MOVLW      2
0x0183	0x00DF      	MOVWF      FARG_Lcd_Out_row
0x0184	0x3001      	MOVLW      1
0x0185	0x00E0      	MOVWF      FARG_Lcd_Out_column
0x0186	0x3020      	MOVLW      ?lstr4_MyProject
0x0187	0x00E1      	MOVWF      FARG_Lcd_Out_text
0x0188	0x20BA      	CALL       _Lcd_Out
;MyProject.c,47 :: 		portd.f1=1;
0x0189	0x1488      	BSF        PORTD, 1
;MyProject.c,48 :: 		portd.f0=0;                   //write data to lcd
0x018A	0x1008      	BCF        PORTD, 0
;MyProject.c,49 :: 		}
0x018B	0x29A4      	GOTO       L_main8
L_main7:
;MyProject.c,52 :: 		portd=0x00;
0x018C	0x0188      	CLRF       PORTD
;MyProject.c,53 :: 		if(i=='0'){
0x018D	0x085E      	MOVF       _i, 0
0x018E	0x3A30      	XORLW      48
0x018F	0x1D03      	BTFSS      STATUS, 2
0x0190	0x29A1      	GOTO       L_main9
;MyProject.c,54 :: 		LCD_Cmd(_LCD_CLEAR);
0x0191	0x3001      	MOVLW      1
0x0192	0x00E4      	MOVWF      FARG_Lcd_Cmd_out_char
0x0193	0x201D      	CALL       _Lcd_Cmd
;MyProject.c,55 :: 		Lcd_out(2,1,"pump and vanne off");
0x0194	0x3002      	MOVLW      2
0x0195	0x00DF      	MOVWF      FARG_Lcd_Out_row
0x0196	0x3001      	MOVLW      1
0x0197	0x00E0      	MOVWF      FARG_Lcd_Out_column
0x0198	0x302C      	MOVLW      ?lstr5_MyProject
0x0199	0x00E1      	MOVWF      FARG_Lcd_Out_text
0x019A	0x20BA      	CALL       _Lcd_Out
;MyProject.c,56 :: 		portd.f1=0;
0x019B	0x1088      	BCF        PORTD, 1
;MyProject.c,57 :: 		portd.f0=0;
0x019C	0x1008      	BCF        PORTD, 0
;MyProject.c,58 :: 		LCD_Cmd(_LCD_RETURN_HOME);
0x019D	0x3002      	MOVLW      2
0x019E	0x00E4      	MOVWF      FARG_Lcd_Cmd_out_char
0x019F	0x201D      	CALL       _Lcd_Cmd
;MyProject.c,59 :: 		goto k;
0x01A0	0x29A4      	GOTO       ___main_k
;MyProject.c,60 :: 		}
L_main9:
;MyProject.c,61 :: 		LCD_Chr_Cp(i);                  //write data to lcd
0x01A1	0x085E      	MOVF       _i, 0
0x01A2	0x00E3      	MOVWF      FARG_Lcd_Chr_CP_out_char
0x01A3	0x205D      	CALL       _Lcd_Chr_CP
;MyProject.c,62 :: 		k:
___main_k:
;MyProject.c,64 :: 		}
L_main8:
L_main6:
;MyProject.c,65 :: 		}
L_main4:
;MyProject.c,66 :: 		}
0x01A4	0x2963      	GOTO       L_main2
;MyProject.c,67 :: 		}
L_end_main:
0x01A5	0x29A5      	GOTO       $+0
; end of _main
0x01E6	0x3020      	MOVLW      32
0x01E7	0x0084      	MOVWF      FSR
0x01E8	0x303B      	MOVLW      59
0x01E9	0x1283      	BCF        STATUS, 5
0x01EA	0x1303      	BCF        STATUS, 6
0x01EB	0x00F0      	MOVWF      R0
0x01EC	0x30AB      	MOVLW      171
0x01ED	0x00DB      	MOVWF      ___DoICPAddr
0x01EE	0x3001      	MOVLW      1
0x01EF	0x00DC      	MOVWF      92
0x01F0	0x211C      	CALL       284
0x01F1	0x0008      	RETURN
;MyProject.c,0 :: ?ICS?lstr4_MyProject
0x01AB	0x3476 ;?ICS?lstr4_MyProject+0
0x01AC	0x3461 ;?ICS?lstr4_MyProject+1
0x01AD	0x346E ;?ICS?lstr4_MyProject+2
0x01AE	0x346E ;?ICS?lstr4_MyProject+3
0x01AF	0x3465 ;?ICS?lstr4_MyProject+4
0x01B0	0x3400 ;?ICS?lstr4_MyProject+5
; end of ?ICS?lstr4_MyProject
;MyProject.c,0 :: ?ICS?lstr3_MyProject
0x01B1	0x3470 ;?ICS?lstr3_MyProject+0
0x01B2	0x346F ;?ICS?lstr3_MyProject+1
0x01B3	0x346D ;?ICS?lstr3_MyProject+2
0x01B4	0x3470 ;?ICS?lstr3_MyProject+3
0x01B5	0x3465 ;?ICS?lstr3_MyProject+4
0x01B6	0x3400 ;?ICS?lstr3_MyProject+5
; end of ?ICS?lstr3_MyProject
;MyProject.c,0 :: ?ICS?lstr5_MyProject
0x01B7	0x3470 ;?ICS?lstr5_MyProject+0
0x01B8	0x3475 ;?ICS?lstr5_MyProject+1
0x01B9	0x346D ;?ICS?lstr5_MyProject+2
0x01BA	0x3470 ;?ICS?lstr5_MyProject+3
0x01BB	0x3420 ;?ICS?lstr5_MyProject+4
0x01BC	0x3461 ;?ICS?lstr5_MyProject+5
0x01BD	0x346E ;?ICS?lstr5_MyProject+6
0x01BE	0x3464 ;?ICS?lstr5_MyProject+7
0x01BF	0x3420 ;?ICS?lstr5_MyProject+8
0x01C0	0x3476 ;?ICS?lstr5_MyProject+9
0x01C1	0x3461 ;?ICS?lstr5_MyProject+10
0x01C2	0x346E ;?ICS?lstr5_MyProject+11
0x01C3	0x346E ;?ICS?lstr5_MyProject+12
0x01C4	0x3465 ;?ICS?lstr5_MyProject+13
0x01C5	0x3420 ;?ICS?lstr5_MyProject+14
0x01C6	0x346F ;?ICS?lstr5_MyProject+15
0x01C7	0x3466 ;?ICS?lstr5_MyProject+16
0x01C8	0x3466 ;?ICS?lstr5_MyProject+17
0x01C9	0x3400 ;?ICS?lstr5_MyProject+18
; end of ?ICS?lstr5_MyProject
;MyProject.c,0 :: ?ICS?lstr2_MyProject
0x01CA	0x3445 ;?ICS?lstr2_MyProject+0
0x01CB	0x3478 ;?ICS?lstr2_MyProject+1
0x01CC	0x3470 ;?ICS?lstr2_MyProject+2
0x01CD	0x346C ;?ICS?lstr2_MyProject+3
0x01CE	0x3461 ;?ICS?lstr2_MyProject+4
0x01CF	0x3469 ;?ICS?lstr2_MyProject+5
0x01D0	0x346E ;?ICS?lstr2_MyProject+6
0x01D1	0x3420 ;?ICS?lstr2_MyProject+7
0x01D2	0x3455 ;?ICS?lstr2_MyProject+8
0x01D3	0x3441 ;?ICS?lstr2_MyProject+9
0x01D4	0x3452 ;?ICS?lstr2_MyProject+10
0x01D5	0x3454 ;?ICS?lstr2_MyProject+11
0x01D6	0x3400 ;?ICS?lstr2_MyProject+12
; end of ?ICS?lstr2_MyProject
;MyProject.c,0 :: ?ICS?lstr1_MyProject
0x01D7	0x3457 ;?ICS?lstr1_MyProject+0
0x01D8	0x3465 ;?ICS?lstr1_MyProject+1
0x01D9	0x346C ;?ICS?lstr1_MyProject+2
0x01DA	0x3463 ;?ICS?lstr1_MyProject+3
0x01DB	0x346F ;?ICS?lstr1_MyProject+4
0x01DC	0x346D ;?ICS?lstr1_MyProject+5
0x01DD	0x3465 ;?ICS?lstr1_MyProject+6
0x01DE	0x3420 ;?ICS?lstr1_MyProject+7
0x01DF	0x3469 ;?ICS?lstr1_MyProject+8
0x01E0	0x346E ;?ICS?lstr1_MyProject+9
0x01E1	0x3420 ;?ICS?lstr1_MyProject+10
0x01E2	0x345E ;?ICS?lstr1_MyProject+11
0x01E3	0x345F ;?ICS?lstr1_MyProject+12
0x01E4	0x345E ;?ICS?lstr1_MyProject+13
0x01E5	0x3400 ;?ICS?lstr1_MyProject+14
; end of ?ICS?lstr1_MyProject
Symbol List:
//** Routines locations **
//ADDRESS    SIZE    PROCEDURE
//----------------------------------------------
0x0003       [7]    _Delay_50us
0x000A       [6]    _Delay_1us
0x0010      [13]    _Delay_5500us
0x001D      [64]    _Lcd_Cmd
0x005D       [8]    _Lcd_Chr_CP
0x0065       [7]    _____DoICP
0x006C      [78]    _Lcd_Init
0x00BA      [64]    _Lcd_Out
0x00FA      [16]    _UART1_Init
0x010A       [7]    _UART1_Data_Ready
0x0111      [11]    _UART1_Read
0x011C      [12]    ___CC2DW
0x0128     [125]    _main
//** Variables locations ** 
//ADDRESS    SIZE    VARIABLE
//----------------------------------------------
0x0000       [1]    INDF
0x0002       [1]    PCL
0x0003       [1]    STATUS
0x0004       [1]    FSR
0x0006       [0]    RB1_bit
0x0006       [0]    LCD_RS
0x0006       [0]    RB4_bit
0x0006       [0]    LCD_EN
0x0006       [0]    RB0_bit
0x0006       [0]    LCD_D7
0x0006       [0]    LCD_D6
0x0006       [0]    LCD_D4
0x0006       [0]    RB2_bit
0x0006       [0]    RB5_bit
0x0006       [0]    RB3_bit
0x0006       [0]    LCD_D5
0x0008       [1]    PORTD
0x000A       [1]    PCLATH
0x000C       [1]    PIR1
0x0018       [1]    RCSTA
0x001A       [1]    RCREG
0x0020       [6]    ?lstr4_MyProject
0x0026       [6]    ?lstr3_MyProject
0x002C      [19]    ?lstr5_MyProject
0x003F      [13]    ?lstr2_MyProject
0x004C      [15]    ?lstr1_MyProject
0x005B       [2]    ___DoICPAddr
0x005D       [0]    __Lib_Lcd_cmd_status
0x005E       [1]    _i
0x005F       [1]    FARG_Lcd_Out_row
0x0060       [1]    FARG_Lcd_Out_column
0x0061       [1]    FARG_Lcd_Out_text
0x0062       [1]    Lcd_Out_i_L0
0x0063       [1]    FARG_Lcd_Chr_CP_out_char
0x0064       [1]    FARG_Lcd_Cmd_out_char
0x0070       [1]    R0
0x0071       [1]    R1
0x0072       [1]    R2
0x0073       [1]    R3
0x0074       [1]    R4
0x0075       [1]    R5
0x0076       [1]    R6
0x0077       [1]    R7
0x0078       [1]    R8
0x0079       [1]    R9
0x007A       [1]    R10
0x007B       [1]    R11
0x007C       [1]    R12
0x007D       [1]    R13
0x007E       [1]    R14
0x007F       [1]    R15
0x0086       [0]    LCD_D5_Direction
0x0086       [0]    LCD_D6_Direction
0x0086       [0]    TRISB5_bit
0x0086       [0]    LCD_D4_Direction
0x0086       [0]    LCD_EN_Direction
0x0086       [0]    LCD_RS_Direction
0x0086       [0]    TRISB4_bit
0x0086       [0]    TRISB2_bit
0x0086       [0]    TRISB1_bit
0x0086       [0]    TRISB3_bit
0x0086       [0]    LCD_D7_Direction
0x0086       [0]    TRISB0_bit
0x0087       [0]    TRISC7_bit
0x0087       [0]    TRISC6_bit
0x0088       [1]    TRISD
0x0098       [1]    TXSTA
0x0099       [1]    SPBRG
//** Constants locations ** 
//ADDRESS    SIZE    CONSTANT
//----------------------------------------------
0x01AB       [6]    ?ICS?lstr4_MyProject
0x01B1       [6]    ?ICS?lstr3_MyProject
0x01B7      [19]    ?ICS?lstr5_MyProject
0x01CA      [13]    ?ICS?lstr2_MyProject
0x01D7      [15]    ?ICS?lstr1_MyProject
